This is pdfTeX, Version 3.14159265-2.6-1.40.18 (TeX Live 2017) (preloaded format=pdflatex 2017.9.18)  30 JAN 2018 07:00
entering extended mode
 restricted \write18 enabled.
 %&-line parsing enabled.
**assignment.tex
(./assignment.tex
LaTeX2e <2017-04-15>
Babel <3.10> and hyphenation patterns for 84 language(s) loaded.
(/usr/local/texlive/2017/texmf-dist/tex/latex/base/article.cls
Document Class: article 2014/09/29 v1.4h Standard LaTeX document class
(/usr/local/texlive/2017/texmf-dist/tex/latex/base/size12.clo
File: size12.clo 2014/09/29 v1.4h Standard LaTeX file (size option)
)
\c@part=\count79
\c@section=\count80
\c@subsection=\count81
\c@subsubsection=\count82
\c@paragraph=\count83
\c@subparagraph=\count84
\c@figure=\count85
\c@table=\count86
\abovecaptionskip=\skip41
\belowcaptionskip=\skip42
\bibindent=\dimen102
)
(/usr/local/texlive/2017/texmf-dist/tex/generic/babel/babel.sty
Package: babel 2017/05/19 3.10 The Babel package

(/usr/local/texlive/2017/texmf-dist/tex/generic/babel-english/english.ldf
Language: english 2017/01/24 v3.3q English support from the babel system

(/usr/local/texlive/2017/texmf-dist/tex/generic/babel/babel.def
File: babel.def 2017/05/19 3.10 Babel common definitions
\babel@savecnt=\count87
\U@D=\dimen103
)
\l@canadian = a dialect from \language\l@american 
\l@australian = a dialect from \language\l@british 
\l@newzealand = a dialect from \language\l@british 
))
(/usr/local/texlive/2017/texmf-dist/tex/latex/natbib/natbib.sty
Package: natbib 2010/09/13 8.31b (PWD, AO)
\bibhang=\skip43
\bibsep=\skip44
LaTeX Info: Redefining \cite on input line 694.
\c@NAT@ctr=\count88
)
(/usr/local/texlive/2017/texmf-dist/tex/latex/url/url.sty
\Urlmuskip=\muskip10
Package: url 2013/09/16  ver 3.4  Verb mode for urls, etc.
)
(/usr/local/texlive/2017/texmf-dist/tex/latex/amsmath/amsmath.sty
Package: amsmath 2016/11/05 v2.16a AMS math features
\@mathmargin=\skip45

For additional information on amsmath, use the `?' option.
(/usr/local/texlive/2017/texmf-dist/tex/latex/amsmath/amstext.sty
Package: amstext 2000/06/29 v2.01 AMS text

(/usr/local/texlive/2017/texmf-dist/tex/latex/amsmath/amsgen.sty
File: amsgen.sty 1999/11/30 v2.0 generic functions
\@emptytoks=\toks14
\ex@=\dimen104
))
(/usr/local/texlive/2017/texmf-dist/tex/latex/amsmath/amsbsy.sty
Package: amsbsy 1999/11/29 v1.2d Bold Symbols
\pmbraise@=\dimen105
)
(/usr/local/texlive/2017/texmf-dist/tex/latex/amsmath/amsopn.sty
Package: amsopn 2016/03/08 v2.02 operator names
)
\inf@bad=\count89
LaTeX Info: Redefining \frac on input line 213.
\uproot@=\count90
\leftroot@=\count91
LaTeX Info: Redefining \overline on input line 375.
\classnum@=\count92
\DOTSCASE@=\count93
LaTeX Info: Redefining \ldots on input line 472.
LaTeX Info: Redefining \dots on input line 475.
LaTeX Info: Redefining \cdots on input line 596.
\Mathstrutbox@=\box26
\strutbox@=\box27
\big@size=\dimen106
LaTeX Font Info:    Redeclaring font encoding OML on input line 712.
LaTeX Font Info:    Redeclaring font encoding OMS on input line 713.
\macc@depth=\count94
\c@MaxMatrixCols=\count95
\dotsspace@=\muskip11
\c@parentequation=\count96
\dspbrk@lvl=\count97
\tag@help=\toks15
\row@=\count98
\column@=\count99
\maxfields@=\count100
\andhelp@=\toks16
\eqnshift@=\dimen107
\alignsep@=\dimen108
\tagshift@=\dimen109
\tagwidth@=\dimen110
\totwidth@=\dimen111
\lineht@=\dimen112
\@envbody=\toks17
\multlinegap=\skip46
\multlinetaggap=\skip47
\mathdisplay@stack=\toks18
LaTeX Info: Redefining \[ on input line 2817.
LaTeX Info: Redefining \] on input line 2818.
)
(/usr/local/texlive/2017/texmf-dist/tex/latex/graphics/graphicx.sty
Package: graphicx 2014/10/28 v1.0g Enhanced LaTeX Graphics (DPC,SPQR)

(/usr/local/texlive/2017/texmf-dist/tex/latex/graphics/keyval.sty
Package: keyval 2014/10/28 v1.15 key=value parser (DPC)
\KV@toks@=\toks19
)
(/usr/local/texlive/2017/texmf-dist/tex/latex/graphics/graphics.sty
Package: graphics 2017/04/14 v1.1b Standard LaTeX Graphics (DPC,SPQR)

(/usr/local/texlive/2017/texmf-dist/tex/latex/graphics/trig.sty
Package: trig 2016/01/03 v1.10 sin cos tan (DPC)
)
(/usr/local/texlive/2017/texmf-dist/tex/latex/graphics-cfg/graphics.cfg
File: graphics.cfg 2016/06/04 v1.11 sample graphics configuration
)
Package graphics Info: Driver file: pdftex.def on input line 99.

(/usr/local/texlive/2017/texmf-dist/tex/latex/graphics-def/pdftex.def
File: pdftex.def 2017/01/12 v0.06k Graphics/color for pdfTeX

(/usr/local/texlive/2017/texmf-dist/tex/generic/oberdiek/infwarerr.sty
Package: infwarerr 2016/05/16 v1.4 Providing info/warning/error messages (HO)
)
(/usr/local/texlive/2017/texmf-dist/tex/generic/oberdiek/ltxcmds.sty
Package: ltxcmds 2016/05/16 v1.23 LaTeX kernel commands for general use (HO)
)
\Gread@gobject=\count101
))
\Gin@req@height=\dimen113
\Gin@req@width=\dimen114
)
(/usr/local/texlive/2017/texmf-dist/tex/latex/parskip/parskip.sty
Package: parskip 2001/04/09 non-zero parskip adjustments
)
(/usr/local/texlive/2017/texmf-dist/tex/latex/fancyhdr/fancyhdr.sty
Package: fancyhdr 2016/09/06 3.8 Extensive control of page headers and footers
\fancy@headwidth=\skip48
\f@ncyO@elh=\skip49
\f@ncyO@erh=\skip50
\f@ncyO@olh=\skip51
\f@ncyO@orh=\skip52
\f@ncyO@elf=\skip53
\f@ncyO@erf=\skip54
\f@ncyO@olf=\skip55
\f@ncyO@orf=\skip56
)
(/usr/local/texlive/2017/texmf-dist/tex/latex/vmargin/vmargin.sty
Package: vmargin 2004/07/15 V2.5 set document margins (VK)

Package: vmargin 2004/07/15 V2.5 set document margins (VK)
\PaperWidth=\dimen115
\PaperHeight=\dimen116
) (/usr/local/texlive/2017/texmf-dist/tex/latex/float/float.sty
Package: float 2001/11/08 v1.3d Float enhancements (AL)
\c@float@type=\count102
\float@exts=\toks20
\float@box=\box28
\@float@everytoks=\toks21
\@floatcapt=\box29
)
(./assignment.aux)
\openout1 = `assignment.aux'.

LaTeX Font Info:    Checking defaults for OML/cmm/m/it on input line 33.
LaTeX Font Info:    ... okay on input line 33.
LaTeX Font Info:    Checking defaults for T1/cmr/m/n on input line 33.
LaTeX Font Info:    ... okay on input line 33.
LaTeX Font Info:    Checking defaults for OT1/cmr/m/n on input line 33.
LaTeX Font Info:    ... okay on input line 33.
LaTeX Font Info:    Checking defaults for OMS/cmsy/m/n on input line 33.
LaTeX Font Info:    ... okay on input line 33.
LaTeX Font Info:    Checking defaults for OMX/cmex/m/n on input line 33.
LaTeX Font Info:    ... okay on input line 33.
LaTeX Font Info:    Checking defaults for U/cmr/m/n on input line 33.
LaTeX Font Info:    ... okay on input line 33.

(/usr/local/texlive/2017/texmf-dist/tex/context/base/mkii/supp-pdf.mkii
[Loading MPS to PDF converter (version 2006.09.02).]
\scratchcounter=\count103
\scratchdimen=\dimen117
\scratchbox=\box30
\nofMPsegments=\count104
\nofMParguments=\count105
\everyMPshowfont=\toks22
\MPscratchCnt=\count106
\MPscratchDim=\dimen118
\MPnumerator=\count107
\makeMPintoPDFobject=\count108
\everyMPtoPDFconversion=\toks23
) (/usr/local/texlive/2017/texmf-dist/tex/generic/oberdiek/pdftexcmds.sty
Package: pdftexcmds 2017/03/19 v0.25 Utility functions of pdfTeX for LuaTeX (HO
)

(/usr/local/texlive/2017/texmf-dist/tex/generic/oberdiek/ifluatex.sty
Package: ifluatex 2016/05/16 v1.4 Provides the ifluatex switch (HO)
Package ifluatex Info: LuaTeX not detected.
)
(/usr/local/texlive/2017/texmf-dist/tex/generic/oberdiek/ifpdf.sty
Package: ifpdf 2017/03/15 v3.2 Provides the ifpdf switch
)
Package pdftexcmds Info: LuaTeX not detected.
Package pdftexcmds Info: \pdf@primitive is available.
Package pdftexcmds Info: \pdf@ifprimitive is available.
Package pdftexcmds Info: \pdfdraftmode found.
)
(/usr/local/texlive/2017/texmf-dist/tex/latex/oberdiek/epstopdf-base.sty
Package: epstopdf-base 2016/05/15 v2.6 Base part for package epstopdf

(/usr/local/texlive/2017/texmf-dist/tex/latex/oberdiek/grfext.sty
Package: grfext 2016/05/16 v1.2 Manage graphics extensions (HO)

(/usr/local/texlive/2017/texmf-dist/tex/generic/oberdiek/kvdefinekeys.sty
Package: kvdefinekeys 2016/05/16 v1.4 Define keys (HO)
))
(/usr/local/texlive/2017/texmf-dist/tex/latex/oberdiek/kvoptions.sty
Package: kvoptions 2016/05/16 v3.12 Key value format for package options (HO)

(/usr/local/texlive/2017/texmf-dist/tex/generic/oberdiek/kvsetkeys.sty
Package: kvsetkeys 2016/05/16 v1.17 Key value parser (HO)

(/usr/local/texlive/2017/texmf-dist/tex/generic/oberdiek/etexcmds.sty
Package: etexcmds 2016/05/16 v1.6 Avoid name clashes with e-TeX commands (HO)
Package etexcmds Info: Could not find \expanded.
(etexcmds)             That can mean that you are not using pdfTeX 1.50 or
(etexcmds)             that some package has redefined \expanded.
(etexcmds)             In the latter case, load this package earlier.
)))
Package epstopdf-base Info: Redefining graphics rule for `.eps' on input line 4
38.
Package grfext Info: Graphics extension search list:
(grfext)             [.png,.pdf,.jpg,.mps,.jpeg,.jbig2,.jb2,.PNG,.PDF,.JPG,.JPE
G,.JBIG2,.JB2,.eps]
(grfext)             \AppendGraphicsExtensions on input line 456.

(/usr/local/texlive/2017/texmf-dist/tex/latex/latexconfig/epstopdf-sys.cfg
File: epstopdf-sys.cfg 2010/07/13 v1.3 Configuration of (r)epstopdf for TeX Liv
e
))
<hcmut.png, id=1, 272.01625pt x 277.035pt>
File: hcmut.png Graphic file (type png)
 <use hcmut.png>
Package pdftex.def Info: hcmut.png used on input line 39.
(pdftex.def)             Requested size: 136.00778pt x 138.51715pt.
 [1

{/usr/local/texlive/2017/texmf-var/fonts/map/pdftex/updmap/pdftex.map} <./hcmut
.png>]
(./assignment.toc)
\tf@toc=\write3
\openout3 = `assignment.toc'.

 [1] [2]
LaTeX Font Info:    Try loading font information for OMS+cmr on input line 85.

(/usr/local/texlive/2017/texmf-dist/tex/latex/base/omscmr.fd
File: omscmr.fd 2014/09/29 v2.5h Standard LaTeX font definitions
)
LaTeX Font Info:    Font shape `OMS/cmr/m/n' in size <12> not available
(Font)              Font shape `OMS/cmsy/m/n' tried instead on input line 85.

<chainer2.png, id=20, 98.769pt x 65.5248pt>
File: chainer2.png Graphic file (type png)
 <use chainer2.png>
Package pdftex.def Info: chainer2.png used on input line 90.
(pdftex.def)             Requested size: 203.02931pt x 134.69661pt.

<chainer1.png, id=21, 106.9596pt x 76.6062pt>
File: chainer1.png Graphic file (type png)
 <use chainer1.png>
Package pdftex.def Info: chainer1.png used on input line 95.
(pdftex.def)             Requested size: 203.02931pt x 145.42117pt.
 [3 <./chainer2.png> <./chainer1.png>] <chainer3.png, id=27, 413.8662pt x 118.0
41pt>
File: chainer3.png Graphic file (type png)

<use chainer3.png>
Package pdftex.def Info: chainer3.png used on input line 106.
(pdftex.def)             Requested size: 372.47612pt x 106.2359pt.
 <chainer4.png, id=28, 393.6306pt x 82.3878pt>
File: chainer4.png Graphic file (type png)

<use chainer4.png>
Package pdftex.def Info: chainer4.png used on input line 115.
(pdftex.def)             Requested size: 354.26427pt x 74.1483pt.
 <chainer5.png, id=29, 395.5578pt x 61.1886pt>
File: chainer5.png Graphic file (type png)

<use chainer5.png>
Package pdftex.def Info: chainer5.png used on input line 120.
(pdftex.def)             Requested size: 355.99872pt x 55.06921pt.
 [4 <./chainer3.png>]
<chainer6.png, id=34, 393.1488pt x 132.495pt>
File: chainer6.png Graphic file (type png)
 <use chainer6.png>
Package pdftex.def Info: chainer6.png used on input line 128.
(pdftex.def)             Requested size: 353.83066pt x 119.24438pt.
 [5 <./chainer4.png> <./chainer5.png> <./chainer6.png>]
<chainer7.png, id=41, 425.9112pt x 170.0754pt>
File: chainer7.png Graphic file (type png)
 <use chainer7.png>
Package pdftex.def Info: chainer7.png used on input line 139.
(pdftex.def)             Requested size: 383.31651pt x 153.06642pt.

<chainer8.png, id=42, 415.7934pt x 75.1608pt>
File: chainer8.png Graphic file (type png)
 <use chainer8.png>
Package pdftex.def Info: chainer8.png used on input line 147.
(pdftex.def)             Requested size: 374.21059pt x 67.64407pt.
 [6 <./chainer7.png> <./chainer8.png>] <chainer9.png, id=49, 429.7656pt x 124.7
862pt>
File: chainer9.png Graphic file (type png)

<use chainer9.png>
Package pdftex.def Info: chainer9.png used on input line 158.
(pdftex.def)             Requested size: 386.78546pt x 112.30652pt.
 <chainer10.png, id=50, 425.9112pt x 196.5744pt>
File: chainer10.png Graphic file (type png)

<use chainer10.png>
Package pdftex.def Info: chainer10.png used on input line 165.
(pdftex.def)             Requested size: 383.31651pt x 176.91531pt.
 [7 <./chainer9.png>]
<chainer11.png, id=56, 425.9112pt x 123.3408pt>
File: chainer11.png Graphic file (type png)
 <use chainer11.png>
Package pdftex.def Info: chainer11.png used on input line 172.
(pdftex.def)             Requested size: 383.31651pt x 111.00568pt.

<chainer12.png, id=57, 425.9112pt x 100.2144pt>
File: chainer12.png Graphic file (type png)
 <use chainer12.png>
Package pdftex.def Info: chainer12.png used on input line 179.
(pdftex.def)             Requested size: 383.31651pt x 90.19211pt.
 [8 <./chainer10.png> <./chainer11.png>]
Missing character: There is no ‚ in font cmr12!
Missing character: There is no Ä in font cmr12!
Missing character: There is no ú in font cmr12!
Missing character: There is no ‚ in font cmr12!
Missing character: There is no Ä in font cmr12!
Missing character: There is no ù in font cmr12!
 <chainer13.png, id=63, 425.9112pt x 50.1072pt>
File: chainer13.png Graphic file (type png)

<use chainer13.png>
Package pdftex.def Info: chainer13.png used on input line 186.
(pdftex.def)             Requested size: 383.31651pt x 45.09604pt.
Missing character: There is no ‚ in font cmr12!
Missing character: There is no Ä in font cmr12!
Missing character: There is no ì in font cmr12!
 [9 <./chainer12.png> <./chainer13.png>]
<chainer14.png, id=69, 378.213pt x 170.0754pt>
File: chainer14.png Graphic file (type png)
 <use chainer14.png>
Package pdftex.def Info: chainer14.png used on input line 205.
(pdftex.def)             Requested size: 340.38855pt x 153.06642pt.

<chainer15.png, id=70, 375.804pt x 126.7134pt>
File: chainer15.png Graphic file (type png)
 <use chainer15.png>
Package pdftex.def Info: chainer15.png used on input line 211.
(pdftex.def)             Requested size: 338.22047pt x 114.04099pt.

<chainer16.png, id=71, 425.9112pt x 149.8398pt>
File: chainer16.png Graphic file (type png)
 <use chainer16.png>
Package pdftex.def Info: chainer16.png used on input line 219.
(pdftex.def)             Requested size: 383.31651pt x 134.85455pt.

Overfull \hbox (52.11304pt too wide) in paragraph at lines 216--221
\OT1/cmr/m/n/12 must be de-clared with the same qual-i-fier as an of-fload-able
 func-tion, $[] []\OML/cmm/m/it/12 ttribute[][]\OT1/cmr/m/n/12 ((\OML/cmm/m/it/
12 target\OT1/cmr/m/n/12 (\OML/cmm/m/it/12 mic\OT1/cmr/m/n/12 )))$: 
 []

[10 <./chainer14.png> <./chainer15.png>]
<chainer17.png, id=78, 433.62pt x 108.405pt>
File: chainer17.png Graphic file (type png)
 <use chainer17.png>
Package pdftex.def Info: chainer17.png used on input line 226.
(pdftex.def)             Requested size: 390.2544pt x 97.56358pt.
 [11 <./chainer16.png> <./chainer17.png>] <chainer18.png, id=84, 424.4658pt x 1
60.9212pt>
File: chainer18.png Graphic file (type png)

<use chainer18.png>
Package pdftex.def Info: chainer18.png used on input line 244.
(pdftex.def)             Requested size: 382.01569pt x 144.82774pt.
 <chainer19.png, id=85, 359.9046pt x 185.0112pt>
File: chainer19.png Graphic file (type png)

<use chainer19.png>
Package pdftex.def Info: chainer19.png used on input line 252.
(pdftex.def)             Requested size: 323.91115pt x 166.50853pt.
 [12 <./chainer18.png>]
<chainer20.png, id=91, 379.1766pt x 67.452pt>
File: chainer20.png Graphic file (type png)
 <use chainer20.png>
Package pdftex.def Info: chainer20.png used on input line 263.
(pdftex.def)             Requested size: 341.25578pt x 60.70622pt.

<chainer21.png, id=92, 376.2858pt x 140.2038pt>
File: chainer21.png Graphic file (type png)
 <use chainer21.png>
Package pdftex.def Info: chainer21.png used on input line 269.
(pdftex.def)             Requested size: 338.65407pt x 126.18224pt.
 [13 <./chainer19.png> <./chainer20.png>] <chainer22.png, id=98, 375.3222pt x 1
61.403pt>
File: chainer22.png Graphic file (type png)

<use chainer22.png>
Package pdftex.def Info: chainer22.png used on input line 277.
(pdftex.def)             Requested size: 337.78687pt x 145.26135pt.
 [14 <./chainer21.png> <./chainer22.png>]
<chainer23.png, id=104, 316.5426pt x 103.587pt>
File: chainer23.png Graphic file (type png)
 <use chainer23.png>
Package pdftex.def Info: chainer23.png used on input line 304.
(pdftex.def)             Requested size: 284.8857pt x 93.22743pt.

<chainer24.png, id=105, 223.0734pt x 113.223pt>
File: chainer24.png Graphic file (type png)
 <use chainer24.png>
Package pdftex.def Info: chainer24.png used on input line 311.
(pdftex.def)             Requested size: 200.76419pt x 101.89975pt.
 [15 <./chainer23.png>] <chainer25.png, id=110, 241.3818pt x 117.5592pt>
File: chainer25.png Graphic file (type png)

<use chainer25.png>
Package pdftex.def Info: chainer25.png used on input line 316.
(pdftex.def)             Requested size: 217.24161pt x 105.80228pt.

Overfull \hbox (4.62453pt too wide) in paragraph at lines 321--324
\OT1/cmr/m/n/12 The of-fload[]device class pro-vides the in-ter-face to in-ter-
act with of-fload de-vices, whereas
 []

<chainer26.png, id=111, 407.121pt x 111.2958pt>
File: chainer26.png Graphic file (type png)
 <use chainer26.png>
Package pdftex.def Info: chainer26.png used on input line 327.
(pdftex.def)             Requested size: 366.40552pt x 100.16528pt.
 [16 <./chainer24.png> <./chainer25.png> <./chainer26.png>]
<chainer27.png, id=118, 234.1548pt x 149.358pt>
File: chainer27.png Graphic file (type png)
 <use chainer27.png>
Package pdftex.def Info: chainer27.png used on input line 336.
(pdftex.def)             Requested size: 210.73737pt x 134.42094pt.

<chainer28.png, id=119, 295.3434pt x 289.08pt>
File: chainer28.png Graphic file (type png)
 <use chainer28.png>
Package pdftex.def Info: chainer28.png used on input line 342.
(pdftex.def)             Requested size: 265.8066pt x 260.16959pt.
 [17 <./chainer27.png>]
Missing character: There is no ‚ in font cmr12!
Missing character: There is no Ä in font cmr12!
Missing character: There is no ô in font cmr12!
 <chainer29.png, id=124, 399.894pt x 109.8504pt>
File: chainer29.png Graphic file (type png)
 <use chainer29.png>
Package pdftex.def Info: chainer29.png used on input line 352.
(pdftex.def)             Requested size: 359.90126pt x 98.86443pt.

[18 <./chainer28.png>] <chainer30.png, id=130, 358.4592pt x 263.0628pt>
File: chainer30.png Graphic file (type png)

<use chainer30.png>
Package pdftex.def Info: chainer30.png used on input line 360.
(pdftex.def)             Requested size: 322.61029pt x 236.75432pt.
 [19 <./chainer29.png> <./chainer30.png>]
Overfull \hbox (24.59035pt too wide) in paragraph at lines 369--370
[]\OT1/cmr/m/n/12 Backpropagation Al-go-rithm - $\OT1/cmtt/m/n/12 http : / / de
eplearning . stanford . edu / wiki / index .
 []

[20] (./assignment.aux) ) 
Here is how much of TeX's memory you used:
 3406 strings out of 492995
 45378 string characters out of 6132704
 117796 words of memory out of 5000000
 6876 multiletter control sequences out of 15000+600000
 10593 words of font info for 38 fonts, out of 8000000 for 9000
 1141 hyphenation exceptions out of 8191
 39i,10n,43p,993b,334s stack positions out of 5000i,500n,10000p,200000b,80000s
</usr/local/texlive/2017/texmf-dist/fonts/type1/public
/amsfonts/cm/cmbx12.pfb></usr/local/texlive/2017/texmf-dist/fonts/type1/public/
amsfonts/cm/cmcsc10.pfb></usr/local/texlive/2017/texmf-dist/fonts/type1/public/
amsfonts/cm/cmmi12.pfb></usr/local/texlive/2017/texmf-dist/fonts/type1/public/a
msfonts/cm/cmmi8.pfb></usr/local/texlive/2017/texmf-dist/fonts/type1/public/ams
fonts/cm/cmr12.pfb></usr/local/texlive/2017/texmf-dist/fonts/type1/public/amsfo
nts/cm/cmsy10.pfb></usr/local/texlive/2017/texmf-dist/fonts/type1/public/amsfon
ts/cm/cmti12.pfb></usr/local/texlive/2017/texmf-dist/fonts/type1/public/amsfont
s/cm/cmtt12.pfb>
Output written on assignment.pdf (21 pages, 2133121 bytes).
PDF statistics:
 167 PDF objects out of 1000 (max. 8388607)
 73 compressed objects within 1 object stream
 0 named destinations out of 1000 (max. 500000)
 156 words of extra memory for PDF output out of 10000 (max. 10000000)

